<?xml version="1.0" encoding="UTF-8"?>
<testsuite xmlns:xsi="http://www.w3.org/2001/XMLSchema-instance" xsi:schemaLocation="https://maven.apache.org/surefire/maven-surefire-plugin/xsd/surefire-test-report.xsd" name="runner.RunCucumberTest" time="68.545" tests="37" errors="2" skipped="0" failures="0">
  <properties>
    <property name="java.runtime.name" value="Java(TM) SE Runtime Environment"/>
    <property name="sun.boot.library.path" value="/Library/Java/JavaVirtualMachines/jdk1.8.0_161.jdk/Contents/Home/jre/lib"/>
    <property name="java.vm.version" value="25.161-b12"/>
    <property name="gopherProxySet" value="false"/>
    <property name="java.vm.vendor" value="Oracle Corporation"/>
    <property name="java.vendor.url" value="http://java.oracle.com/"/>
    <property name="path.separator" value=":"/>
    <property name="guice.disable.misplaced.annotation.check" value="true"/>
    <property name="java.vm.name" value="Java HotSpot(TM) 64-Bit Server VM"/>
    <property name="file.encoding.pkg" value="sun.io"/>
    <property name="user.country" value="AU"/>
    <property name="sun.java.launcher" value="SUN_STANDARD"/>
    <property name="sun.os.patch.level" value="unknown"/>
    <property name="java.vm.specification.name" value="Java Virtual Machine Specification"/>
    <property name="user.dir" value="/Users/Ash/Documents/GitHub/SEPGroupAssignment"/>
    <property name="java.runtime.version" value="1.8.0_161-b12"/>
    <property name="java.awt.graphicsenv" value="sun.awt.CGraphicsEnvironment"/>
    <property name="java.endorsed.dirs" value="/Library/Java/JavaVirtualMachines/jdk1.8.0_161.jdk/Contents/Home/jre/lib/endorsed"/>
    <property name="os.arch" value="x86_64"/>
    <property name="java.io.tmpdir" value="/var/folders/vb/wntw8slx4yb3l3kdq12mlgqr0000gp/T/"/>
    <property name="line.separator" value="&#10;"/>
    <property name="java.vm.specification.vendor" value="Oracle Corporation"/>
    <property name="os.name" value="Mac OS X"/>
    <property name="maven.ext.class.path" value="/Applications/NetBeans/NetBeans 8.2.app/Contents/Resources/NetBeans/java/maven-nblib/netbeans-eventspy.jar"/>
    <property name="classworlds.conf" value="/Applications/NetBeans/NetBeans 8.2.app/Contents/Resources/NetBeans/java/maven/bin/m2.conf"/>
    <property name="sun.jnu.encoding" value="UTF-8"/>
    <property name="java.library.path" value="/Users/Ash/Library/Java/Extensions:/Library/Java/Extensions:/Network/Library/Java/Extensions:/System/Library/Java/Extensions:/usr/lib/java:."/>
    <property name="java.specification.name" value="Java Platform API Specification"/>
    <property name="java.class.version" value="52.0"/>
    <property name="sun.management.compiler" value="HotSpot 64-Bit Tiered Compilers"/>
    <property name="os.version" value="10.14"/>
    <property name="http.nonProxyHosts" value="local|*.local|169.254/16|*.169.254/16"/>
    <property name="user.home" value="/Users/Ash"/>
    <property name="user.timezone" value="Australia/Sydney"/>
    <property name="java.awt.printerjob" value="sun.lwawt.macosx.CPrinterJob"/>
    <property name="java.specification.version" value="1.8"/>
    <property name="file.encoding" value="UTF-8"/>
    <property name="user.name" value="Ash"/>
    <property name="java.class.path" value="/Applications/NetBeans/NetBeans 8.2.app/Contents/Resources/NetBeans/java/maven/boot/plexus-classworlds-2.4.jar"/>
    <property name="java.vm.specification.version" value="1.8"/>
    <property name="sun.arch.data.model" value="64"/>
    <property name="java.home" value="/Library/Java/JavaVirtualMachines/jdk1.8.0_161.jdk/Contents/Home/jre"/>
    <property name="sun.java.command" value="org.codehaus.plexus.classworlds.launcher.Launcher -Dmaven.ext.class.path=/Applications/NetBeans/NetBeans 8.2.app/Contents/Resources/NetBeans/java/maven-nblib/netbeans-eventspy.jar clean install"/>
    <property name="java.specification.vendor" value="Oracle Corporation"/>
    <property name="user.language" value="en"/>
    <property name="awt.toolkit" value="sun.lwawt.macosx.LWCToolkit"/>
    <property name="java.vm.info" value="mixed mode"/>
    <property name="java.version" value="1.8.0_161"/>
    <property name="java.ext.dirs" value="/Users/Ash/Library/Java/Extensions:/Library/Java/JavaVirtualMachines/jdk1.8.0_161.jdk/Contents/Home/jre/lib/ext:/Library/Java/Extensions:/Network/Library/Java/Extensions:/System/Library/Java/Extensions:/usr/lib/java"/>
    <property name="sun.boot.class.path" value="/Library/Java/JavaVirtualMachines/jdk1.8.0_161.jdk/Contents/Home/jre/lib/resources.jar:/Library/Java/JavaVirtualMachines/jdk1.8.0_161.jdk/Contents/Home/jre/lib/rt.jar:/Library/Java/JavaVirtualMachines/jdk1.8.0_161.jdk/Contents/Home/jre/lib/sunrsasign.jar:/Library/Java/JavaVirtualMachines/jdk1.8.0_161.jdk/Contents/Home/jre/lib/jsse.jar:/Library/Java/JavaVirtualMachines/jdk1.8.0_161.jdk/Contents/Home/jre/lib/jce.jar:/Library/Java/JavaVirtualMachines/jdk1.8.0_161.jdk/Contents/Home/jre/lib/charsets.jar:/Library/Java/JavaVirtualMachines/jdk1.8.0_161.jdk/Contents/Home/jre/lib/jfr.jar:/Library/Java/JavaVirtualMachines/jdk1.8.0_161.jdk/Contents/Home/jre/classes"/>
    <property name="java.vendor" value="Oracle Corporation"/>
    <property name="maven.home" value="/Applications/NetBeans/NetBeans 8.2.app/Contents/Resources/NetBeans/java/maven"/>
    <property name="file.separator" value="/"/>
    <property name="java.vendor.url.bug" value="http://bugreport.sun.com/bugreport/"/>
    <property name="sun.cpu.endian" value="little"/>
    <property name="sun.io.unicode.encoding" value="UnicodeBig"/>
    <property name="socksNonProxyHosts" value="local|*.local|169.254/16|*.169.254/16"/>
    <property name="ftp.nonProxyHosts" value="local|*.local|169.254/16|*.169.254/16"/>
    <property name="sun.cpu.isalist" value=""/>
  </properties>
  <testcase name="Given user opens browser" classname="Scenario: User opens Login page" time="0.022"/>
  <testcase name="When login page is loaded" classname="Scenario: User opens Login page" time="0"/>
  <testcase name="Then login button is active" classname="Scenario: User opens Login page" time="0"/>
  <testcase name="When user logs in" classname="Scenario: User opens Login page" time="0"/>
  <testcase name="Then logout button should be present" classname="Scenario: User opens Login page" time="0"/>
  <testcase name="When user logs out" classname="Scenario: User opens Login page" time="0"/>
  <testcase name="Then logout page should be displayed" classname="Scenario: User opens Login page" time="0"/>
  <testcase name="Scenario: User opens Login page" classname="Scenario: User opens Login page" time="0.001"/>
  <testcase name="Given UTS Staff Member logs in" classname="Scenario: UTS Staff member completes form" time="0"/>
  <testcase name="When submitting an incomplete form" classname="Scenario: UTS Staff member completes form" time="0"/>
  <testcase name="Then system should show an error message when incomplete field AND when input is invalid" classname="Scenario: UTS Staff member completes form" time="0"/>
  <testcase name="When completing order form" classname="Scenario: UTS Staff member completes form" time="0.001"/>
  <testcase name="Then system should have both drop down options and text fields" classname="Scenario: UTS Staff member completes form" time="0"/>
  <testcase name="When select product drop down" classname="Scenario: UTS Staff member completes form" time="0"/>
  <testcase name="Then system should have products including &apos;HB Pencil&apos;, &apos;Sticky Notes&apos;, &apos;Ruler&apos;, &apos;Plastic Sleeve&apos; and &apos;Folder&apos;" classname="Scenario: UTS Staff member completes form" time="0"/>
  <testcase name="When submitting form" classname="Scenario: UTS Staff member completes form" time="0"/>
  <testcase name="Then system should show a successful submission screen" classname="Scenario: UTS Staff member completes form" time="0"/>
  <testcase name="Scenario: UTS Staff member completes form" classname="Scenario: UTS Staff member completes form" time="0"/>
  <testcase name="Given Receptionist fills in login details" classname="Scenario: Receptionist logs in to dashboard" time="0"/>
  <testcase name="When selects login button" classname="Scenario: Receptionist logs in to dashboard" time="0"/>
  <testcase name="Then system should process login and direct to the dashboard" classname="Scenario: Receptionist logs in to dashboard" time="0"/>
  <testcase name="Then dashboard should contain &apos;Request Form&apos; and &apos;View All Stationery Requests&apos; buttons" classname="Scenario: Receptionist logs in to dashboard" time="0"/>
  <testcase name="When select &apos;View all stationary requests button&apos;" classname="Scenario: Receptionist logs in to dashboard" time="0"/>
  <testcase name="Then system should show a table of the orders with a status column reading &apos;pending&apos;, &apos;underway&apos;, &apos;shipped&apos; or &apos;complete&apos;" classname="Scenario: Receptionist logs in to dashboard" time="0"/>
  <testcase name="Scenario: Receptionist logs in to dashboard" classname="Scenario: Receptionist logs in to dashboard" time="0.001"/>
  <testcase name="Given Stockroom fills in login details" classname="Scenario: Stockroom logs in to dashboard" time="0"/>
  <testcase name="When Stockroom selects login button" classname="Scenario: Stockroom logs in to dashboard" time="0"/>
  <testcase name="Then system should process login and direct to the stockroom dashboard" classname="Scenario: Stockroom logs in to dashboard" time="0"/>
  <testcase name="When click view stationery inventory" classname="Scenario: Stockroom logs in to dashboard" time="0"/>
  <testcase name="Then can see a table with the product &apos;name&apos;, &apos;price&apos;, &apos;description&apos;, and &apos;quantity&apos;" classname="Scenario: Stockroom logs in to dashboard" time="0"/>
  <testcase name="When tries to view all the orders placed" classname="Scenario: Stockroom logs in to dashboard" time="0"/>
  <testcase name="Then the system should show a table of the orders placed on the view orders screen" classname="Scenario: Stockroom logs in to dashboard" time="0.001"/>
  <testcase name="When try to change the status of an order, the system should provide me with a drop-down menu of options" classname="Scenario: Stockroom logs in to dashboard" time="0.001"/>
  <testcase name="Then These options should include &apos;pending&apos;, &apos;underway&apos;, &apos;shipped&apos; and &apos;complete&apos;" classname="Scenario: Stockroom logs in to dashboard" time="0"/>
  <testcase name="When I change the status of an order" classname="Scenario: Stockroom logs in to dashboard" time="0"/>
  <testcase name="Then system should present feedback with the message “The order status fields have been updated successfully.”" classname="Scenario: Stockroom logs in to dashboard" time="0.014">
    <error message="no such element: Unable to locate element: {&quot;method&quot;:&quot;xpath&quot;,&quot;selector&quot;:&quot;//*[contains(text(), &apos;The order status fields have been updated successfully&apos;)]&quot;}&#10;  (Session info: chrome=69.0.3497.100)&#10;  (Driver info: chromedriver=70.0.3538.16 (16ed95b41bb05e565b11fb66ac33c660b721f778),platform=Mac OS X 10.14.0 x86_64) (WARNING: The server did not provide any stacktrace information)&#10;Command duration or timeout: 0 milliseconds&#10;For documentation on this error, please visit: http://seleniumhq.org/exceptions/no_such_element.html&#10;Build info: version: &apos;3.13.0&apos;, revision: &apos;2f0d292&apos;, time: &apos;2018-06-25T15:24:21.231Z&apos;&#10;System info: host: &apos;Ashleighs-MacBook-Pro.local&apos;, ip: &apos;fe80:0:0:0:1800:237b:c428:b718%en0&apos;, os.name: &apos;Mac OS X&apos;, os.arch: &apos;x86_64&apos;, os.version: &apos;10.14&apos;, java.version: &apos;1.8.0_161&apos;&#10;Driver info: org.openqa.selenium.chrome.ChromeDriver&#10;Capabilities {acceptInsecureCerts: false, acceptSslCerts: false, applicationCacheEnabled: false, browserConnectionEnabled: false, browserName: chrome, chrome: {chromedriverVersion: 70.0.3538.16 (16ed95b41bb05..., userDataDir: /var/folders/vb/wntw8slx4yb...}, cssSelectorsEnabled: true, databaseEnabled: false, goog:chromeOptions: {debuggerAddress: localhost:55447}, handlesAlerts: true, hasTouchScreen: false, javascriptEnabled: true, locationContextEnabled: true, mobileEmulationEnabled: false, nativeEvents: true, networkConnectionEnabled: false, pageLoadStrategy: normal, platform: MAC, platformName: MAC, rotatable: false, setWindowRect: true, takesHeapSnapshot: true, takesScreenshot: true, unexpectedAlertBehaviour: , unhandledPromptBehavior: , version: 69.0.3497.100, webStorageEnabled: true}&#10;Session ID: f13136d83d07596859b9d2955a94596c&#10;*** Element info: {Using=xpath, value=//*[contains(text(), &apos;The order status fields have been updated successfully&apos;)]}" type="org.openqa.selenium.NoSuchElementException">org.openqa.selenium.NoSuchElementException: 
no such element: Unable to locate element: {"method":"xpath","selector":"//*[contains(text(), 'The order status fields have been updated successfully')]"}
  (Session info: chrome=69.0.3497.100)
  (Driver info: chromedriver=70.0.3538.16 (16ed95b41bb05e565b11fb66ac33c660b721f778),platform=Mac OS X 10.14.0 x86_64) (WARNING: The server did not provide any stacktrace information)
Command duration or timeout: 0 milliseconds
For documentation on this error, please visit: http://seleniumhq.org/exceptions/no_such_element.html
Build info: version: '3.13.0', revision: '2f0d292', time: '2018-06-25T15:24:21.231Z'
System info: host: 'Ashleighs-MacBook-Pro.local', ip: 'fe80:0:0:0:1800:237b:c428:b718%en0', os.name: 'Mac OS X', os.arch: 'x86_64', os.version: '10.14', java.version: '1.8.0_161'
Driver info: org.openqa.selenium.chrome.ChromeDriver
Capabilities {acceptInsecureCerts: false, acceptSslCerts: false, applicationCacheEnabled: false, browserConnectionEnabled: false, browserName: chrome, chrome: {chromedriverVersion: 70.0.3538.16 (16ed95b41bb05..., userDataDir: /var/folders/vb/wntw8slx4yb...}, cssSelectorsEnabled: true, databaseEnabled: false, goog:chromeOptions: {debuggerAddress: localhost:55447}, handlesAlerts: true, hasTouchScreen: false, javascriptEnabled: true, locationContextEnabled: true, mobileEmulationEnabled: false, nativeEvents: true, networkConnectionEnabled: false, pageLoadStrategy: normal, platform: MAC, platformName: MAC, rotatable: false, setWindowRect: true, takesHeapSnapshot: true, takesScreenshot: true, unexpectedAlertBehaviour: , unhandledPromptBehavior: , version: 69.0.3497.100, webStorageEnabled: true}
Session ID: f13136d83d07596859b9d2955a94596c
*** Element info: {Using=xpath, value=//*[contains(text(), 'The order status fields have been updated successfully')]}
</error>
  </testcase>
  <testcase name="Scenario: Stockroom logs in to dashboard" classname="Scenario: Stockroom logs in to dashboard" time="0.015">
    <error message="no such element: Unable to locate element: {&quot;method&quot;:&quot;xpath&quot;,&quot;selector&quot;:&quot;//*[contains(text(), &apos;The order status fields have been updated successfully&apos;)]&quot;}&#10;  (Session info: chrome=69.0.3497.100)&#10;  (Driver info: chromedriver=70.0.3538.16 (16ed95b41bb05e565b11fb66ac33c660b721f778),platform=Mac OS X 10.14.0 x86_64) (WARNING: The server did not provide any stacktrace information)&#10;Command duration or timeout: 0 milliseconds&#10;For documentation on this error, please visit: http://seleniumhq.org/exceptions/no_such_element.html&#10;Build info: version: &apos;3.13.0&apos;, revision: &apos;2f0d292&apos;, time: &apos;2018-06-25T15:24:21.231Z&apos;&#10;System info: host: &apos;Ashleighs-MacBook-Pro.local&apos;, ip: &apos;fe80:0:0:0:1800:237b:c428:b718%en0&apos;, os.name: &apos;Mac OS X&apos;, os.arch: &apos;x86_64&apos;, os.version: &apos;10.14&apos;, java.version: &apos;1.8.0_161&apos;&#10;Driver info: org.openqa.selenium.chrome.ChromeDriver&#10;Capabilities {acceptInsecureCerts: false, acceptSslCerts: false, applicationCacheEnabled: false, browserConnectionEnabled: false, browserName: chrome, chrome: {chromedriverVersion: 70.0.3538.16 (16ed95b41bb05..., userDataDir: /var/folders/vb/wntw8slx4yb...}, cssSelectorsEnabled: true, databaseEnabled: false, goog:chromeOptions: {debuggerAddress: localhost:55447}, handlesAlerts: true, hasTouchScreen: false, javascriptEnabled: true, locationContextEnabled: true, mobileEmulationEnabled: false, nativeEvents: true, networkConnectionEnabled: false, pageLoadStrategy: normal, platform: MAC, platformName: MAC, rotatable: false, setWindowRect: true, takesHeapSnapshot: true, takesScreenshot: true, unexpectedAlertBehaviour: , unhandledPromptBehavior: , version: 69.0.3497.100, webStorageEnabled: true}&#10;Session ID: f13136d83d07596859b9d2955a94596c&#10;*** Element info: {Using=xpath, value=//*[contains(text(), &apos;The order status fields have been updated successfully&apos;)]}" type="org.openqa.selenium.NoSuchElementException">org.openqa.selenium.NoSuchElementException: 
no such element: Unable to locate element: {"method":"xpath","selector":"//*[contains(text(), 'The order status fields have been updated successfully')]"}
  (Session info: chrome=69.0.3497.100)
  (Driver info: chromedriver=70.0.3538.16 (16ed95b41bb05e565b11fb66ac33c660b721f778),platform=Mac OS X 10.14.0 x86_64) (WARNING: The server did not provide any stacktrace information)
Command duration or timeout: 0 milliseconds
For documentation on this error, please visit: http://seleniumhq.org/exceptions/no_such_element.html
Build info: version: '3.13.0', revision: '2f0d292', time: '2018-06-25T15:24:21.231Z'
System info: host: 'Ashleighs-MacBook-Pro.local', ip: 'fe80:0:0:0:1800:237b:c428:b718%en0', os.name: 'Mac OS X', os.arch: 'x86_64', os.version: '10.14', java.version: '1.8.0_161'
Driver info: org.openqa.selenium.chrome.ChromeDriver
Capabilities {acceptInsecureCerts: false, acceptSslCerts: false, applicationCacheEnabled: false, browserConnectionEnabled: false, browserName: chrome, chrome: {chromedriverVersion: 70.0.3538.16 (16ed95b41bb05..., userDataDir: /var/folders/vb/wntw8slx4yb...}, cssSelectorsEnabled: true, databaseEnabled: false, goog:chromeOptions: {debuggerAddress: localhost:55447}, handlesAlerts: true, hasTouchScreen: false, javascriptEnabled: true, locationContextEnabled: true, mobileEmulationEnabled: false, nativeEvents: true, networkConnectionEnabled: false, pageLoadStrategy: normal, platform: MAC, platformName: MAC, rotatable: false, setWindowRect: true, takesHeapSnapshot: true, takesScreenshot: true, unexpectedAlertBehaviour: , unhandledPromptBehavior: , version: 69.0.3497.100, webStorageEnabled: true}
Session ID: f13136d83d07596859b9d2955a94596c
*** Element info: {Using=xpath, value=//*[contains(text(), 'The order status fields have been updated successfully')]}
</error>
  </testcase>
</testsuite>